<?xml version="1.0" encoding="UTF-8"?>
<testsuite xmlns:xsi="http://www.w3.org/2001/XMLSchema-instance" xsi:noNamespaceSchemaLocation="https://maven.apache.org/surefire/maven-surefire-plugin/xsd/surefire-test-report-3.0.xsd" version="3.0" name="com.bunnyMax.productTrading.service.impl.OrderServiceImplTest" time="0.065" tests="4" errors="0" skipped="0" failures="0">
  <properties>
[...]
</properties>
  <testcase name="getOrderByTime_WithoutLastTime_ReturnsAllOrders" classname="com.bunnyMax.productTrading.service.impl.OrderServiceImplTest" time="0.059"/>
  <testcase name="createOrder_ValidOrder_OrderCreated" classname="com.bunnyMax.productTrading.service.impl.OrderServiceImplTest" time="0.003"/>
  <testcase name="getOrderByTime_WithLastTime_ReturnsFilteredOrders" classname="com.bunnyMax.productTrading.service.impl.OrderServiceImplTest" time="0.001"/>
  <testcase name="createOrder_InsufficientQuantity_ThrowsException" classname="com.bunnyMax.productTrading.service.impl.OrderServiceImplTest" time="0.002"/>
</testsuite>